fatal: nivel fatal desde el test de logs
info: GET en /loggertest/debug - 17:47:40
debug: nivel debug desde el test de logs
info: GET en /loggertest/debug - 17:47:42
debug: nivel debug desde el test de logs
info: GET en /loggertest/error - 17:47:49
info: GET en /loggertest/error - 17:48:09
info: GET en /loggertest/error - 17:48:11
info: GET en /loggertest/error - 17:48:38
info: GET en /loggertest/error - 17:48:41
info: GET en /loggertest/warning - 17:48:46
warning: nivel warning desde el test de logs
info: GET en /loggertest/fatal - 17:48:55
fatal: nivel fatal desde el test de logs
info: GET en /loggertest/error - 17:49:00
info: GET en /loggertest/error - 17:49:01
info: GET en /loggertest/error - 17:49:25
error: nivel error desde el test de logs
info: GET en /loggertest/error - 17:49:27
error: nivel error desde el test de logs
info: GET en /loggertest/error - 17:50:16
info: GET en /loggertest/error - 17:50:16
info: GET en /loggertest/error - 17:50:17
info: GET en /loggertest/warning - 17:50:24
warning: nivel warning desde el test de logs
info: GET en /loggertest/debug - 17:50:40
debug: nivel debug desde el test de logs
info: GET en /loggertest/debug - 17:51:05
debug: nivel debug desde el test de logs
info: GET en /loggertest/debug - 17:51:18
debug: nivel debug desde el test de logs
info: GET en /loggertest/fatal - 17:51:21
fatal: nivel fatal desde el test de logs
info: GET en /loggertest/error - 17:51:24
error: nivel error desde el test de logs
info: GET en /loggertest/warning - 17:51:27
warning: nivel warning desde el test de logs
info: GET en /loggertest/error - 17:51:27
error: nivel error desde el test de logs
info: GET en /loggertest/info - 17:51:30
info: nivel info desde el test de logs
info: GET en /loggertest/http - 17:51:34
http: nivel http desde el test de logs
info: GET en /loggertest/debug - 17:51:37
debug: nivel debug desde el test de logs
info: GET en /loggertest/debug - 17:51:37
debug: nivel debug desde el test de logs
info: GET en /loggertest/debug - 17:53:01
debug: nivel debug desde el test de logs
info: GET en / - 09:36:20
info: GET en /styles/style.css - 09:36:20
info: GET en /styles/index.css - 09:36:20
info: GET en /img/EC3.png - 09:36:20
info: GET en /img/EC2.png - 09:36:20
info: GET en /img/EC1.png - 09:36:20
info: GET en /favicon.ico - 09:36:21
info: GET en /login - 09:36:22
info: GET en /styles/style.css - 09:36:22
info: GET en /styles/form.css - 09:36:22
info: GET en /js/login.js - 09:36:22
info: GET en /login - 09:37:28
info: GET en /styles/style.css - 09:37:28
info: GET en /js/login.js - 09:37:28
info: GET en /styles/form.css - 09:37:28
info: GET en / - 09:38:44
info: GET en /styles/style.css - 09:38:44
info: GET en /styles/index.css - 09:38:44
info: GET en /img/EC2.png - 09:38:44
info: GET en /img/EC1.png - 09:38:44
info: GET en /img/EC3.png - 09:38:44
info: GET en /login - 09:38:45
info: GET en /styles/style.css - 09:38:45
info: GET en /js/login.js - 09:38:45
info: GET en /styles/form.css - 09:38:45
info: GET en / - 09:38:51
info: GET en /styles/style.css - 09:38:51
info: GET en /styles/index.css - 09:38:51
info: GET en /img/EC3.png - 09:38:51
info: GET en /img/EC2.png - 09:38:51
info: GET en /img/EC1.png - 09:38:51
info: GET en /login - 09:38:56
info: GET en /styles/style.css - 09:38:56
info: GET en /styles/form.css - 09:38:56
info: GET en /js/login.js - 09:38:56
info: GET en /login - 09:39:03
info: GET en /styles/style.css - 09:39:03
info: GET en /styles/form.css - 09:39:03
info: GET en /js/login.js - 09:39:03
info: GET en /login - 09:39:05
info: GET en /styles/style.css - 09:39:05
info: GET en /styles/form.css - 09:39:05
info: GET en /js/login.js - 09:39:05
info: GET en /login - 09:39:06
info: GET en /styles/style.css - 09:39:06
info: GET en /styles/form.css - 09:39:06
info: GET en /js/login.js - 09:39:06
info: GET en /login - 09:39:19
info: GET en /styles/style.css - 09:39:19
info: GET en /styles/form.css - 09:39:19
info: GET en /js/login.js - 09:39:19
info: GET en /login - 09:39:19
info: GET en /styles/style.css - 09:39:19
info: GET en /styles/form.css - 09:39:19
info: GET en /js/login.js - 09:39:19
info: GET en /login - 09:39:20
info: GET en /styles/style.css - 09:39:20
info: GET en /styles/form.css - 09:39:20
info: GET en /js/login.js - 09:39:20
info: GET en /login - 09:39:20
info: GET en /styles/style.css - 09:39:20
info: GET en /styles/form.css - 09:39:20
info: GET en /js/login.js - 09:39:20
info: GET en /login - 09:39:21
info: GET en /styles/style.css - 09:39:21
info: GET en /styles/form.css - 09:39:21
info: GET en /js/login.js - 09:39:21
info: GET en /login - 09:39:21
info: GET en /styles/style.css - 09:39:21
info: GET en /styles/form.css - 09:39:21
info: GET en /js/login.js - 09:39:21
info: GET en /login - 09:39:21
info: GET en /styles/style.css - 09:39:21
info: GET en /styles/form.css - 09:39:21
info: GET en /js/login.js - 09:39:21
info: GET en /login - 09:39:21
info: GET en /styles/style.css - 09:39:21
info: GET en /styles/form.css - 09:39:21
info: GET en /js/login.js - 09:39:21
info: GET en /login - 09:39:22
info: GET en /styles/style.css - 09:39:22
info: GET en /styles/form.css - 09:39:22
info: GET en /js/login.js - 09:39:22
info: GET en /login - 09:39:22
info: GET en /styles/style.css - 09:39:22
info: GET en /styles/form.css - 09:39:22
info: GET en /js/login.js - 09:39:22
info: GET en /login - 09:39:22
info: GET en /styles/style.css - 09:39:22
info: GET en /styles/form.css - 09:39:22
info: GET en /js/login.js - 09:39:22
info: GET en /login - 09:39:22
info: GET en /styles/style.css - 09:39:23
info: GET en /styles/form.css - 09:39:23
info: GET en /js/login.js - 09:39:23
info: GET en /login - 09:39:23
info: GET en /styles/style.css - 09:39:23
info: GET en /styles/form.css - 09:39:23
info: GET en /js/login.js - 09:39:23
info: GET en /login - 09:39:23
info: GET en /styles/style.css - 09:39:23
info: GET en /styles/form.css - 09:39:23
info: GET en /js/login.js - 09:39:23
info: GET en /login - 09:39:23
info: GET en /styles/style.css - 09:39:23
info: GET en /styles/form.css - 09:39:23
info: GET en /js/login.js - 09:39:23
info: GET en /login - 09:39:23
info: GET en /styles/style.css - 09:39:23
info: GET en /styles/form.css - 09:39:23
info: GET en /js/login.js - 09:39:23
info: GET en /login - 09:39:24
info: GET en /styles/style.css - 09:39:24
info: GET en /styles/form.css - 09:39:24
info: GET en /js/login.js - 09:39:24
info: GET en /login - 09:39:24
info: GET en /styles/style.css - 09:39:24
info: GET en /styles/form.css - 09:39:24
info: GET en /js/login.js - 09:39:24
info: GET en /login - 09:39:24
info: GET en /styles/style.css - 09:39:24
info: GET en /styles/form.css - 09:39:24
info: GET en /js/login.js - 09:39:24
info: GET en /login - 09:39:24
info: GET en /styles/style.css - 09:39:24
info: GET en /styles/form.css - 09:39:24
info: GET en /js/login.js - 09:39:24
info: GET en /login - 09:39:43
info: GET en /styles/style.css - 09:39:43
info: GET en /styles/form.css - 09:39:43
info: GET en /js/login.js - 09:39:43
info: GET en /login - 09:39:44
info: GET en /styles/style.css - 09:39:44
info: GET en /styles/form.css - 09:39:44
info: GET en /js/login.js - 09:39:44
info: GET en /login - 09:39:44
info: GET en /styles/style.css - 09:39:44
info: GET en /styles/form.css - 09:39:44
info: GET en /js/login.js - 09:39:44
info: GET en /login - 09:39:44
info: GET en /styles/style.css - 09:39:44
info: GET en /styles/form.css - 09:39:44
info: GET en /js/login.js - 09:39:44
info: GET en /login - 09:40:17
info: GET en /styles/style.css - 09:40:17
info: GET en /styles/form.css - 09:40:17
info: GET en /js/login.js - 09:40:17
info: GET en /login - 09:40:57
info: GET en /styles/style.css - 09:40:57
info: GET en /js/login.js - 09:40:57
info: GET en /styles/form.css - 09:40:57
info: GET en /login - 09:40:58
info: GET en /styles/style.css - 09:40:58
info: GET en /styles/form.css - 09:40:58
info: GET en /js/login.js - 09:40:58
info: GET en /login - 09:40:58
info: GET en /styles/style.css - 09:40:58
info: GET en /styles/form.css - 09:40:58
info: GET en /js/login.js - 09:40:58
info: GET en /login - 09:41:42
info: GET en /styles/style.css - 09:41:42
info: GET en /styles/form.css - 09:41:42
info: GET en /js/login.js - 09:41:42
info: GET en /login - 09:41:42
info: GET en /styles/style.css - 09:41:42
info: GET en /styles/form.css - 09:41:42
info: GET en /js/login.js - 09:41:42
info: GET en /login - 09:41:42
info: GET en /styles/style.css - 09:41:42
info: GET en /styles/form.css - 09:41:42
info: GET en /js/login.js - 09:41:42
info: GET en /login - 09:41:58
info: GET en /styles/style.css - 09:41:58
info: GET en /js/login.js - 09:41:58
info: GET en /styles/form.css - 09:41:58
info: GET en /login - 09:41:59
info: GET en /styles/style.css - 09:41:59
info: GET en /styles/form.css - 09:41:59
info: GET en /js/login.js - 09:41:59
info: GET en /login - 09:42:18
info: GET en /styles/style.css - 09:42:18
info: GET en /styles/form.css - 09:42:18
info: GET en /js/login.js - 09:42:18
info: GET en /login - 09:42:19
info: GET en /styles/style.css - 09:42:19
info: GET en /styles/form.css - 09:42:19
info: GET en /js/login.js - 09:42:19
info: GET en /login - 09:42:19
info: GET en /styles/style.css - 09:42:19
info: GET en /styles/form.css - 09:42:19
info: GET en /js/login.js - 09:42:19
info: GET en /login - 09:42:19
info: GET en /styles/style.css - 09:42:19
info: GET en /styles/form.css - 09:42:19
info: GET en /js/login.js - 09:42:19
info: GET en /login - 09:42:23
info: GET en /styles/style.css - 09:42:23
info: GET en /styles/form.css - 09:42:23
info: GET en /js/login.js - 09:42:23
info: GET en /login - 09:42:35
info: GET en /styles/style.css - 09:42:35
info: GET en /styles/form.css - 09:42:35
info: GET en /js/login.js - 09:42:35
info: GET en /login - 09:42:35
info: GET en /styles/style.css - 09:42:35
info: GET en /styles/form.css - 09:42:35
info: GET en /js/login.js - 09:42:35
info: GET en /login - 09:42:35
info: GET en /styles/style.css - 09:42:35
info: GET en /styles/form.css - 09:42:35
info: GET en /js/login.js - 09:42:35
info: GET en /login - 09:42:35
info: GET en /styles/style.css - 09:42:36
info: GET en /styles/form.css - 09:42:36
info: GET en /js/login.js - 09:42:36
info: GET en /login - 09:42:44
info: GET en /styles/style.css - 09:42:44
info: GET en /styles/form.css - 09:42:44
info: GET en /js/login.js - 09:42:44
info: GET en /login - 09:43:56
info: GET en /styles/style.css - 09:43:56
info: GET en /styles/form.css - 09:43:56
info: GET en /js/login.js - 09:43:56
info: GET en /login - 09:43:57
info: GET en /styles/style.css - 09:43:58
info: GET en /styles/form.css - 09:43:58
info: GET en /js/login.js - 09:43:58
info: GET en /login - 09:44:18
info: GET en /styles/style.css - 09:44:18
info: GET en /styles/form.css - 09:44:18
info: GET en /js/login.js - 09:44:18
info: GET en /login - 09:44:18
info: GET en /styles/style.css - 09:44:18
info: GET en /styles/form.css - 09:44:18
info: GET en /js/login.js - 09:44:18
info: GET en /login - 09:44:30
info: GET en /styles/style.css - 09:44:30
info: GET en /styles/form.css - 09:44:30
info: GET en /js/login.js - 09:44:30
info: GET en /login - 09:44:30
info: GET en /styles/style.css - 09:44:30
info: GET en /styles/form.css - 09:44:30
info: GET en /js/login.js - 09:44:30
info: GET en /login - 09:44:31
info: GET en /styles/style.css - 09:44:31
info: GET en /styles/form.css - 09:44:31
info: GET en /js/login.js - 09:44:31
info: GET en /login - 09:44:34
info: GET en /styles/style.css - 09:44:34
info: GET en /styles/form.css - 09:44:34
info: GET en /js/login.js - 09:44:34
info: GET en /login - 09:44:35
info: GET en /styles/style.css - 09:44:35
info: GET en /styles/form.css - 09:44:35
info: GET en /js/login.js - 09:44:35
info: GET en /login - 09:44:51
info: GET en /styles/style.css - 09:44:51
info: GET en /styles/form.css - 09:44:51
info: GET en /js/login.js - 09:44:51
info: GET en /login - 09:45:11
info: GET en /styles/style.css - 09:45:11
info: GET en /js/login.js - 09:45:11
info: GET en /styles/form.css - 09:45:11
info: GET en /login - 09:45:24
info: GET en /styles/style.css - 09:45:24
info: GET en /styles/form.css - 09:45:24
info: GET en /js/login.js - 09:45:24
info: GET en /login - 09:45:43
info: GET en /styles/style.css - 09:45:43
info: GET en /styles/form.css - 09:45:43
info: GET en /js/login.js - 09:45:43
info: GET en /login - 09:45:44
info: GET en /styles/style.css - 09:45:44
info: GET en /styles/form.css - 09:45:44
info: GET en /js/login.js - 09:45:44
info: GET en /login - 09:46:14
info: GET en /styles/style.css - 09:46:14
info: GET en /js/login.js - 09:46:14
info: GET en /styles/form.css - 09:46:14
info: GET en /login - 09:46:21
info: GET en /styles/style.css - 09:46:21
info: GET en /styles/form.css - 09:46:21
info: GET en /js/login.js - 09:46:21
info: GET en /login - 09:46:43
info: GET en /styles/style.css - 09:46:43
info: GET en /styles/form.css - 09:46:43
info: GET en /js/login.js - 09:46:43
info: GET en /login - 09:46:44
info: GET en /styles/style.css - 09:46:44
info: GET en /styles/form.css - 09:46:44
info: GET en /js/login.js - 09:46:44
info: GET en /login - 09:46:58
info: GET en /styles/style.css - 09:46:58
info: GET en /styles/form.css - 09:46:58
info: GET en /js/login.js - 09:46:58
info: GET en /login - 09:47:15
info: GET en /styles/style.css - 09:47:15
info: GET en /styles/form.css - 09:47:15
info: GET en /js/login.js - 09:47:15
info: GET en /login - 09:47:33
info: GET en /styles/style.css - 09:47:33
info: GET en /styles/form.css - 09:47:33
info: GET en /js/login.js - 09:47:33
info: GET en /auth/github - 09:47:34
info: GET en / - 09:51:49
info: GET en /styles/style.css - 09:51:49
info: GET en /img/EC3.png - 09:51:49
info: GET en /styles/index.css - 09:51:49
info: GET en /img/EC2.png - 09:51:49
info: GET en /img/EC1.png - 09:51:49
info: GET en / - 09:54:03
info: GET en /styles/style.css - 09:54:03
info: GET en /img/EC3.png - 09:54:03
info: GET en /styles/index.css - 09:54:03
info: GET en /img/EC2.png - 09:54:03
info: GET en /img/EC1.png - 09:54:03
info: GET en /login - 09:54:26
info: GET en /styles/style.css - 09:54:26
info: GET en /styles/form.css - 09:54:26
info: GET en /js/login.js - 09:54:26
info: GET en /auth/restorePass - 09:54:27
info: GET en /styles/style.css - 09:54:27
info: GET en /auth/restorePass - 09:54:40
info: GET en /styles/style.css - 09:54:40
info: GET en /auth/restorePass - 09:55:02
info: GET en /styles/style.css - 09:55:02
info: GET en /auth/restorePass - 09:55:03
info: GET en /styles/style.css - 09:55:03
info: GET en /auth/restorePass - 09:55:16
info: GET en /styles/style.css - 09:55:16
info: GET en /auth/restorePass - 09:55:22
info: GET en /styles/style.css - 09:55:22
info: GET en /auth/restorePass - 09:55:27
info: GET en /styles/style.css - 09:55:27
info: GET en /auth/restorePass - 09:56:39
info: GET en /styles/style.css - 09:56:39
info: GET en /auth/restorePass - 09:56:40
info: GET en /styles/style.css - 09:56:40
info: GET en /styles/style.css - 09:56:47
info: GET en /auth/restorePass - 09:57:11
info: GET en /styles/style.css - 09:57:11
info: GET en /auth/restorePass - 09:57:16
info: GET en /styles/style.css - 09:57:16
info: GET en /auth/restorePass - 09:57:34
info: GET en /styles/style.css - 09:57:34
info: GET en /auth/restorePass - 09:58:13
info: GET en /styles/style.css - 09:58:13
info: GET en /auth/restorePass - 09:58:15
info: GET en /styles/style.css - 09:58:15
info: GET en /auth/restorePass - 09:58:21
info: GET en /styles/style.css - 09:58:21
info: GET en /auth/restorePass - 09:59:39
info: GET en /styles/style.css - 09:59:40
info: GET en /auth/restorePass - 09:59:40
info: GET en /styles/style.css - 09:59:40
info: GET en /auth/restorePass - 09:59:40
info: GET en /styles/style.css - 09:59:40
info: GET en /auth/restorePass - 09:59:40
info: GET en /styles/style.css - 09:59:40
info: GET en /auth/restorePass - 09:59:41
info: GET en /styles/style.css - 09:59:41
info: GET en /auth/restorePass - 10:00:19
info: GET en /styles/style.css - 10:00:19
info: GET en /auth/restorePass - 10:00:56
info: GET en /styles/style.css - 10:00:56
info: GET en /auth/restorePass - 10:00:57
info: GET en /styles/style.css - 10:00:57
info: GET en /auth/restorePass - 10:01:00
info: GET en /styles/style.css - 10:01:00
info: GET en /auth/restorePass - 10:01:01
info: GET en /styles/style.css - 10:01:01
info: GET en /auth/restorePass - 10:01:01
info: GET en /styles/style.css - 10:01:01
info: GET en /auth/restorePass - 10:01:15
info: GET en /styles/style.css - 10:01:15
info: GET en /auth/restorePass - 10:01:20
info: GET en /styles/style.css - 10:01:20
info: GET en /auth/restorePass - 10:01:47
info: GET en /styles/style.css - 10:01:47
info: GET en /auth/restorePass - 10:01:57
info: GET en /styles/style.css - 10:01:57
info: GET en /auth/restorePass - 10:01:58
info: GET en /styles/style.css - 10:01:58
info: GET en /auth/restorePass - 10:01:58
info: GET en /styles/style.css - 10:01:58
info: GET en /auth/restorePass - 10:02:13
info: GET en /styles/style.css - 10:02:13
info: GET en /styles/style.css - 10:02:18
info: GET en /auth/restorePass - 10:03:01
info: GET en /styles/style.css - 10:03:01
info: GET en /auth/restorePass - 10:03:17
info: GET en /styles/style.css - 10:03:17
info: GET en /auth/restorePass - 10:08:49
info: GET en /styles/style.css - 10:08:49
info: GET en /js/restorePass.js - 10:08:49
info: GET en /auth/restorePass - 10:08:49
info: GET en /styles/style.css - 10:08:49
info: GET en /js/restorePass.js - 10:08:49
info: GET en /auth/restorePass - 10:09:24
info: GET en /styles/style.css - 10:09:24
info: GET en /js/restorePass.js - 10:09:24
info: GET en /auth/restorePass - 10:12:47
info: GET en /styles/style.css - 10:12:47
info: GET en /js/restorePass.js - 10:12:47
info: GET en /auth/restorePass - 10:21:19
info: GET en /styles/style.css - 10:21:19
info: GET en /js/restorePass.js - 10:21:19
info: GET en /auth/restorePass - 10:22:07
info: GET en /styles/style.css - 10:22:07
info: GET en /js/restorePass.js - 10:22:07
info: GET en /styles/style.css - 10:29:21
info: GET en /auth/restorePass - 10:29:44
info: GET en /styles/style.css - 10:29:44
info: GET en /js/restorePass.js - 10:29:44
info: POST en /auth/sendMailRestore - 10:29:46
info: GET en /auth/restorePass - 10:30:29
info: GET en /styles/style.css - 10:30:29
info: GET en /js/restorePass.js - 10:30:29
info: POST en /auth/sendMailRestore - 10:30:33
info: GET en /auth/restorePass - 10:31:00
info: GET en /styles/style.css - 10:31:00
info: GET en /js/restorePass.js - 10:31:00
info: POST en /auth/sendMailRestore - 10:31:01
info: GET en /auth/restorePass - 10:32:10
info: GET en /styles/style.css - 10:32:11
info: GET en /js/restorePass.js - 10:32:11
info: POST en /auth/sendMailRestore - 10:32:14
info: POST en /auth/sendMailRestore - 10:32:37
info: GET en /auth/restorePass - 10:32:42
info: GET en /styles/style.css - 10:32:44
info: GET en /js/restorePass.js - 10:32:44
info: POST en /auth/sendMailRestore - 10:32:46
info: GET en /auth/restorePass - 10:35:24
info: GET en /styles/style.css - 10:35:24
info: GET en /js/restorePass.js - 10:35:24
info: POST en /auth/sendMailRestore - 10:35:30
info: GET en /auth/restorePass - 10:35:43
info: GET en /styles/style.css - 10:35:43
info: GET en /js/restorePass.js - 10:35:43
info: POST en /auth/sendMailRestore - 10:35:46
info: POST en /auth/sendMailRestore - 10:35:52
info: GET en /auth/restorePass - 10:36:46
info: GET en /styles/style.css - 10:36:46
info: GET en /js/restorePass.js - 10:36:46
info: POST en /auth/sendMailRestore - 10:36:49
info: POST en /auth/sendMailRestore - 10:36:53
info: GET en /auth/restorePass - 10:37:44
info: GET en /styles/style.css - 10:37:44
info: GET en /js/restorePass.js - 10:37:44
info: POST en /auth/sendMailRestore - 10:37:50
info: POST en /auth/sendMailRestore - 10:37:55
