info: POST en /Apia/apia.execution.TaskAction.run?action=getSocialMessages&isAjax=true&currentInfo=true&resetFilDate=false&tabId=1684930961038&tokenId=1684930524480 - 10:51:04
info: POST en /Apia/apia.splash.SplashAction.run?action=panelAction&tabId=1&tokenId=1684930524480&pnlId=1_1001_1009&p_action=refreshValue&isAjax=true - 10:51:20
info: GET en /apidocs/ - 10:51:24
info: POST en /Apia/apia.splash.SplashAction.run?action=panelAction&tabId=1&tokenId=1684930524480&pnlId=1_1001_1010&p_action=refreshValue&isAjax=true - 10:51:50
info: GET en /apidocs/ - 10:51:58
info: GET en // - 10:52:01
info: GET en / - 10:52:02
info: GET en /styles/style.css - 10:52:02
info: GET en /styles/index.css - 10:52:02
info: GET en /img/EC3.png - 10:52:03
info: GET en /img/EC2.png - 10:52:03
info: GET en /img/EC1.png - 10:52:03
info: GET en /apidocs/ - 10:52:08
info: POST en /Apia/apia.splash.SplashAction.run?action=panelAction&tabId=1&tokenId=1684930524480&pnlId=1_1001_1009&p_action=refreshValue&isAjax=true - 10:52:20
info: GET en /apidocs/ - 10:53:26
info: GET en /apidocs/swagger-ui-init.js - 10:53:26
info: GET en /apidocs/swagger-ui.css - 10:53:26
info: GET en /apidocs/swagger-ui-bundle.js - 10:53:26
info: GET en /apidocs/swagger-ui-standalone-preset.js - 10:53:26
info: POST en /Apia/apia.splash.SplashAction.run?action=panelAction&tabId=1&tokenId=1684930524480&pnlId=1_1001_1010&p_action=refreshValue&isAjax=true - 10:53:49
info: POST en /Apia/apia.splash.SplashAction.run?action=panelAction&tabId=1&tokenId=1684930524480&pnlId=1_1001_1009&p_action=refreshValue&isAjax=true - 10:53:49
info: GET en /apidocs/ - 10:55:40
info: GET en /apidocs/swagger-ui.css - 10:55:40
info: GET en /apidocs/swagger-ui-bundle.js - 10:55:40
info: GET en /apidocs/swagger-ui-standalone-preset.js - 10:55:40
info: GET en /apidocs/swagger-ui-init.js - 10:55:41
info: GET en /apidocs/favicon-32x32.png - 10:55:41
